<?xml version="1.0" encoding="UTF-8"?>
<testsuite xmlns:xsi="http://www.w3.org/2001/XMLSchema-instance" xsi:noNamespaceSchemaLocation="https://maven.apache.org/surefire/maven-surefire-plugin/xsd/surefire-test-report-3.0.xsd" version="3.0" name="com.chromatic.alchemist.SimpleChamberTest" time="0.043" tests="2" errors="0" skipped="0" failures="0">
  <properties>
[...]
</properties>
  <testcase name="testCompletionPercentage" classname="com.chromatic.alchemist.SimpleChamberTest" time="0.0">
    <system-out><![CDATA[[2025-12-20 18:10:04] [INFO] [ENTITY] Created: SimpleChamber (ID: d22a46b0) at (0.0, 0.0)
]]></system-out>
  </testcase>
  <testcase name="testChamberProperties" classname="com.chromatic.alchemist.SimpleChamberTest" time="0.017">
    <system-out><![CDATA[[2025-12-20 18:10:04] [INFO] [ENTITY] Created: SimpleChamber (ID: a1230911) at (10.0, 20.0)
]]></system-out>
  </testcase>
</testsuite>